<?xml version="1.0" encoding="UTF-8"?>
<coverage generated="1647469875671" clover="3.2.0">
  <project timestamp="1647469875671" name="All files">
    <metrics statements="45" coveredstatements="45" conditionals="20" coveredconditionals="20" methods="9" coveredmethods="9" elements="74" coveredelements="74" complexity="0" loc="45" ncloc="45" packages="1" files="5" classes="5"/>
    <file name="config.js" path="/home/fmartins/Documentos/PROJETOS/study/weekJS/SPOTIFYRADIO/server/config.js">
      <metrics statements="4" coveredstatements="4" conditionals="2" coveredconditionals="2" methods="0" coveredmethods="0"/>
      <line num="3" count="3" type="stmt"/>
      <line num="4" count="3" type="stmt"/>
      <line num="5" count="3" type="stmt"/>
      <line num="6" count="3" type="stmt"/>
    </file>
    <file name="controller.js" path="/home/fmartins/Documentos/PROJETOS/study/weekJS/SPOTIFYRADIO/server/controller.js">
      <metrics statements="2" coveredstatements="2" conditionals="0" coveredconditionals="0" methods="2" coveredmethods="2"/>
      <line num="5" count="2" type="stmt"/>
      <line num="9" count="1" type="stmt"/>
    </file>
    <file name="routes.js" path="/home/fmartins/Documentos/PROJETOS/study/weekJS/SPOTIFYRADIO/server/routes.js">
      <metrics statements="29" coveredstatements="29" conditionals="18" coveredconditionals="18" methods="4" coveredmethods="4"/>
      <line num="13" count="1" type="stmt"/>
      <line num="15" count="1" type="stmt"/>
      <line num="18" count="8" type="stmt"/>
      <line num="20" count="8" type="cond" truecount="4" falsecount="0"/>
      <line num="21" count="1" type="stmt"/>
      <line num="25" count="1" type="stmt"/>
      <line num="27" count="7" type="cond" truecount="4" falsecount="0"/>
      <line num="30" count="1" type="stmt"/>
      <line num="37" count="1" type="stmt"/>
      <line num="39" count="6" type="cond" truecount="4" falsecount="0"/>
      <line num="42" count="1" type="stmt"/>
      <line num="49" count="1" type="stmt"/>
      <line num="52" count="5" type="cond" truecount="2" falsecount="0"/>
      <line num="56" count="4" type="stmt"/>
      <line num="57" count="2" type="stmt"/>
      <line num="58" count="2" type="cond" truecount="2" falsecount="0"/>
      <line num="59" count="1" type="stmt"/>
      <line num="64" count="2" type="stmt"/>
      <line num="67" count="1" type="stmt"/>
      <line num="68" count="1" type="stmt"/>
      <line num="72" count="2" type="cond" truecount="2" falsecount="0"/>
      <line num="73" count="1" type="stmt"/>
      <line num="74" count="1" type="stmt"/>
      <line num="75" count="1" type="stmt"/>
      <line num="78" count="1" type="stmt"/>
      <line num="79" count="1" type="stmt"/>
      <line num="80" count="1" type="stmt"/>
      <line num="84" count="8" type="stmt"/>
      <line num="85" count="2" type="stmt"/>
    </file>
    <file name="service.js" path="/home/fmartins/Documentos/PROJETOS/study/weekJS/SPOTIFYRADIO/server/service.js">
      <metrics statements="8" coveredstatements="8" conditionals="0" coveredconditionals="0" methods="3" coveredmethods="3"/>
      <line num="10" count="3" type="stmt"/>
      <line num="14" count="1" type="stmt"/>
      <line num="18" count="1" type="stmt"/>
      <line num="20" count="1" type="stmt"/>
      <line num="21" count="1" type="stmt"/>
      <line num="22" count="1" type="stmt"/>
      <line num="33" count="1" type="stmt"/>
      <line num="34" count="1" type="stmt"/>
    </file>
    <file name="util.js" path="/home/fmartins/Documentos/PROJETOS/study/weekJS/SPOTIFYRADIO/server/util.js">
      <metrics statements="2" coveredstatements="2" conditionals="0" coveredconditionals="0" methods="0" coveredmethods="0"/>
      <line num="3" count="1" type="stmt"/>
      <line num="13" count="1" type="stmt"/>
    </file>
  </project>
</coverage>
