TN:
SF:server/config.js
FNF:0
FNH:0
DA:3,3
DA:4,3
DA:5,3
DA:6,3
LF:4
LH:4
BRDA:9,0,0,3
BRDA:9,0,1,3
BRF:2
BRH:2
end_of_record
TN:
SF:server/controller.js
FN:4,(anonymous_0)
FN:8,(anonymous_1)
FNF:2
FNH:2
FNDA:2,(anonymous_0)
FNDA:1,(anonymous_1)
DA:5,2
DA:9,1
LF:2
LH:2
BRF:0
BRH:0
end_of_record
TN:
SF:server/routes.js
FN:17,routes
FN:71,handleError
FN:83,handler
FN:85,(anonymous_3)
FNF:4
FNH:4
FNDA:8,routes
FNDA:2,handleError
FNDA:8,handler
FNDA:2,(anonymous_3)
DA:13,1
DA:15,1
DA:18,8
DA:20,8
DA:21,1
DA:25,1
DA:27,7
DA:30,1
DA:37,1
DA:39,6
DA:42,1
DA:49,1
DA:52,5
DA:56,4
DA:57,2
DA:58,2
DA:59,1
DA:64,2
DA:67,1
DA:68,1
DA:72,2
DA:73,1
DA:74,1
DA:75,1
DA:78,1
DA:79,1
DA:80,1
DA:84,8
DA:85,2
LF:29
LH:29
BRDA:20,0,0,1
BRDA:20,0,1,7
BRDA:20,1,0,8
BRDA:20,1,1,7
BRDA:27,2,0,1
BRDA:27,2,1,6
BRDA:27,3,0,7
BRDA:27,3,1,6
BRDA:39,4,0,1
BRDA:39,4,1,5
BRDA:39,5,0,6
BRDA:39,5,1,5
BRDA:52,6,0,4
BRDA:52,6,1,1
BRDA:58,7,0,1
BRDA:58,7,1,1
BRDA:72,8,0,1
BRDA:72,8,1,1
BRF:18
BRH:18
end_of_record
TN:
SF:server/service.js
FN:13,(anonymous_0)
FN:17,(anonymous_1)
FN:29,(anonymous_2)
FNF:3
FNH:3
FNDA:1,(anonymous_0)
FNDA:1,(anonymous_1)
FNDA:1,(anonymous_2)
DA:10,3
DA:14,1
DA:18,1
DA:20,1
DA:21,1
DA:22,1
DA:33,1
DA:34,1
LF:8
LH:8
BRF:0
BRH:0
end_of_record
TN:
SF:server/util.js
FNF:0
FNH:0
DA:3,1
DA:13,1
LF:2
LH:2
BRF:0
BRH:0
end_of_record
